# JRE version: Java(TM) SE Runtime Environment (17.0.10+11) (build 17.0.10+11-LTS-240)
# Java VM: Java HotSpot(TM) 64-Bit Server VM (17.0.10+11-LTS-240, mixed mode, sharing, tiered, compressed oops, compressed class ptrs, g1 gc, windows-amd64)
GC Precious Log:
 CPUs: 8 total, 8 available
 Memory: 6082M
 Large Page Support: Disabled
 NUMA Support: Disabled
 Compressed Oops: Enabled (32-bit)
 Heap Region Size: 1M
 Heap Min Capacity: 8M
 Heap Initial Capacity: 96M
 Heap Max Capacity: 1536M
 Pre-touch: Disabled
 Parallel Workers: 8
 Concurrent Workers: 2
 Concurrent Refinement Workers: 8
 Periodic GC: Disabled
Heap:
 garbage-first heap   total 268288K, used 92407K [0x00000000a0000000, 0x0000000100000000)
  region size 1024K, 11 young (11264K), 11 survivors (11264K)
 Metaspace       used 68230K, committed 68800K, reserved 1114112K
  class space    used 9154K, committed 9408K, reserved 1048576K
GC Heap History (20 events):
Event: 91.370 GC heap after
{Heap after GC invocations=48 (full 0):
 garbage-first heap   total 223232K, used 79935K [0x00000000a0000000, 0x0000000100000000)
  region size 1024K, 7 young (7168K), 7 survivors (7168K)
 Metaspace       used 68172K, committed 68800K, reserved 1114112K
  class space    used 9152K, committed 9408K, reserved 1048576K
}
Event: 91.678 GC heap before
{Heap before GC invocations=48 (full 0):
 garbage-first heap   total 223232K, used 188479K [0x00000000a0000000, 0x0000000100000000)
  region size 1024K, 113 young (115712K), 7 survivors (7168K)
 Metaspace       used 68172K, committed 68800K, reserved 1114112K
  class space    used 9152K, committed 9408K, reserved 1048576K
}
Event: 91.685 GC heap after
{Heap after GC invocations=49 (full 0):
 garbage-first heap   total 223232K, used 81111K [0x00000000a0000000, 0x0000000100000000)
  region size 1024K, 8 young (8192K), 8 survivors (8192K)
 Metaspace       used 68172K, committed 68800K, reserved 1114112K
  class space    used 9152K, committed 9408K, reserved 1048576K
}
Event: 92.044 GC heap before
{Heap before GC invocations=49 (full 0):
 garbage-first heap   total 223232K, used 189655K [0x00000000a0000000, 0x0000000100000000)
  region size 1024K, 114 young (116736K), 8 survivors (8192K)
 Metaspace       used 68172K, committed 68800K, reserved 1114112K
  class space    used 9152K, committed 9408K, reserved 1048576K
}
Event: 92.052 GC heap after
{Heap after GC invocations=50 (full 0):
 garbage-first heap   total 268288K, used 81490K [0x00000000a0000000, 0x0000000100000000)
  region size 1024K, 8 young (8192K), 8 survivors (8192K)
 Metaspace       used 68172K, committed 68800K, reserved 1114112K
  class space    used 9152K, committed 9408K, reserved 1048576K
}
Event: 92.538 GC heap before
{Heap before GC invocations=50 (full 0):
 garbage-first heap   total 268288K, used 230994K [0x00000000a0000000, 0x0000000100000000)
  region size 1024K, 153 young (156672K), 8 survivors (8192K)
 Metaspace       used 68172K, committed 68800K, reserved 1114112K
  class space    used 9152K, committed 9408K, reserved 1048576K
}
Event: 92.551 GC heap after
{Heap after GC invocations=51 (full 0):
 garbage-first heap   total 268288K, used 84438K [0x00000000a0000000, 0x0000000100000000)
  region size 1024K, 10 young (10240K), 10 survivors (10240K)
 Metaspace       used 68172K, committed 68800K, reserved 1114112K
  class space    used 9152K, committed 9408K, reserved 1048576K
}
Event: 93.066 GC heap before
{Heap before GC invocations=51 (full 0):
 garbage-first heap   total 268288K, used 227798K [0x00000000a0000000, 0x0000000100000000)
  region size 1024K, 150 young (153600K), 10 survivors (10240K)
 Metaspace       used 68172K, committed 68800K, reserved 1114112K
  class space    used 9152K, committed 9408K, reserved 1048576K
}
Event: 93.076 GC heap after
{Heap after GC invocations=52 (full 0):
 garbage-first heap   total 268288K, used 85559K [0x00000000a0000000, 0x0000000100000000)
  region size 1024K, 11 young (11264K), 11 survivors (11264K)
 Metaspace       used 68172K, committed 68800K, reserved 1114112K
  class space    used 9152K, committed 9408K, reserved 1048576K
}
Event: 93.459 GC heap before
{Heap before GC invocations=52 (full 0):
 garbage-first heap   total 268288K, used 228919K [0x00000000a0000000, 0x0000000100000000)
  region size 1024K, 151 young (154624K), 11 survivors (11264K)
 Metaspace       used 68172K, committed 68800K, reserved 1114112K
  class space    used 9152K, committed 9408K, reserved 1048576K
}
Event: 93.469 GC heap after
{Heap after GC invocations=53 (full 0):
 garbage-first heap   total 268288K, used 86873K [0x00000000a0000000, 0x0000000100000000)
  region size 1024K, 11 young (11264K), 11 survivors (11264K)
 Metaspace       used 68172K, committed 68800K, reserved 1114112K
  class space    used 9152K, committed 9408K, reserved 1048576K
}
Event: 93.763 GC heap before
{Heap before GC invocations=53 (full 0):
 garbage-first heap   total 268288K, used 229209K [0x00000000a0000000, 0x0000000100000000)
  region size 1024K, 150 young (153600K), 11 survivors (11264K)
 Metaspace       used 68176K, committed 68800K, reserved 1114112K
  class space    used 9152K, committed 9408K, reserved 1048576K
}
Event: 93.772 GC heap after
{Heap after GC invocations=54 (full 0):
 garbage-first heap   total 268288K, used 86677K [0x00000000a0000000, 0x0000000100000000)
  region size 1024K, 9 young (9216K), 9 survivors (9216K)
 Metaspace       used 68176K, committed 68800K, reserved 1114112K
  class space    used 9152K, committed 9408K, reserved 1048576K
}
Event: 94.060 GC heap before
{Heap before GC invocations=54 (full 0):
 garbage-first heap   total 268288K, used 231061K [0x00000000a0000000, 0x0000000100000000)
  region size 1024K, 150 young (153600K), 9 survivors (9216K)
 Metaspace       used 68176K, committed 68800K, reserved 1114112K
  class space    used 9152K, committed 9408K, reserved 1048576K
}
Event: 94.069 GC heap after
{Heap after GC invocations=55 (full 0):
 garbage-first heap   total 268288K, used 87197K [0x00000000a0000000, 0x0000000100000000)
  region size 1024K, 10 young (10240K), 10 survivors (10240K)
 Metaspace       used 68176K, committed 68800K, reserved 1114112K
  class space    used 9152K, committed 9408K, reserved 1048576K
}
Event: 94.442 GC heap before
{Heap before GC invocations=55 (full 0):
 garbage-first heap   total 268288K, used 229533K [0x00000000a0000000, 0x0000000100000000)
  region size 1024K, 149 young (152576K), 10 survivors (10240K)
 Metaspace       used 68181K, committed 68800K, reserved 1114112K
  class space    used 9152K, committed 9408K, reserved 1048576K
}
Event: 94.453 GC heap after
{Heap after GC invocations=56 (full 0):
 garbage-first heap   total 268288K, used 88225K [0x00000000a0000000, 0x0000000100000000)
  region size 1024K, 11 young (11264K), 11 survivors (11264K)
 Metaspace       used 68181K, committed 68800K, reserved 1114112K
  class space    used 9152K, committed 9408K, reserved 1048576K
}
Event: 94.701 GC heap before
{Heap before GC invocations=56 (full 0):
 garbage-first heap   total 268288K, used 228513K [0x00000000a0000000, 0x0000000100000000)
  region size 1024K, 148 young (151552K), 11 survivors (11264K)
 Metaspace       used 68211K, committed 68800K, reserved 1114112K
  class space    used 9152K, committed 9408K, reserved 1048576K
}
Event: 95.639 GC heap after
{Heap after GC invocations=57 (full 0):
 garbage-first heap   total 268288K, used 90055K [0x00000000a0000000, 0x0000000100000000)
  region size 1024K, 12 young (12288K), 12 survivors (12288K)
 Metaspace       used 68211K, committed 68800K, reserved 1114112K
  class space    used 9152K, committed 9408K, reserved 1048576K
}
Event: 95.906 GC heap before
{Heap before GC invocations=57 (full 0):
 garbage-first heap   total 268288K, used 228295K [0x00000000a0000000, 0x0000000100000000)
  region size 1024K, 147 young (150528K), 12 survivors (12288K)
 Metaspace       used 68230K, committed 68800K, reserved 1114112K
  class space    used 9154K, committed 9408K, reserved 1048576K
}

